<?xml version="1.0" encoding="UTF-8"?>
<!-- Generated by org.testng.reporters.JUnitReportReporter -->
<testsuite hostname="apd" failures="0" tests="6" name="com.automation.tests.LoginTest" time="15.034" errors="0" timestamp="2026-09-17T00:28:10 IST" skipped="0">
  <testcase classname="com.automation.tests.LoginTest" name="openPage" time="1.919"/>
  <testcase classname="com.automation.tests.LoginTest" name="closeAIPopup" time="10.033"/>
  <testcase classname="com.automation.tests.LoginTest" name="clickLoginButton" time="0.527"/>
  <testcase classname="com.automation.tests.LoginTest" name="clickCountryDrpdwn" time="0.103"/>
  <testcase classname="com.automation.tests.LoginTest" name="selectExactCountry" time="0.159"/>
  <testcase classname="com.automation.tests.LoginTest" name="fillUserName" time="2.293"/>
</testsuite> <!-- com.automation.tests.LoginTest -->
